<?xml version="1.0" encoding="utf-8"?><testsuites name="pytest tests"><testsuite name="pytest" errors="0" failures="0" skipped="0" tests="6" time="2.129" timestamp="2026-08-19T21:58:41.183830+00:00" hostname="agent-env-003d854e-fd80-4867-9526-c72b5c221b7a"><testcase classname="tests.backend_test" name="test_root" time="0.233" /><testcase classname="tests.backend_test" name="test_create_inquiry_and_persistence" time="0.479" /><testcase classname="tests.backend_test" name="test_create_inquiry_minimal_required" time="0.370" /><testcase classname="tests.backend_test" name="test_create_inquiry_invalid_email" time="0.153" /><testcase classname="tests.backend_test" name="test_create_inquiry_missing_required" time="0.118" /><testcase classname="tests.backend_test" name="test_get_inquiries_sorted_desc" time="0.233" /></testsuite></testsuites>