<?xml version="1.0" encoding="utf-8"?><testsuites name="pytest tests"><testsuite name="pytest" errors="0" failures="0" skipped="0" tests="14" time="3.998" timestamp="2026-08-19T22:16:46.276160+00:00" hostname="agent-env-003d854e-fd80-4867-9526-c72b5c221b7a"><testcase classname="tests.backend_test" name="test_root" time="0.477" /><testcase classname="tests.backend_test" name="test_login_wrong_password" time="0.361" /><testcase classname="tests.backend_test" name="test_login_unknown_email" time="0.099" /><testcase classname="tests.backend_test" name="test_login_invalid_email_format" time="0.085" /><testcase classname="tests.backend_test" name="test_auth_me_requires_token" time="0.114" /><testcase classname="tests.backend_test" name="test_auth_me_with_token" time="0.409" /><testcase classname="tests.backend_test" name="test_auth_me_invalid_token" time="0.084" /><testcase classname="tests.backend_test" name="test_create_inquiry_invalid_email" time="0.085" /><testcase classname="tests.backend_test" name="test_create_inquiry_missing_required" time="0.085" /><testcase classname="tests.backend_test" name="test_admin_list_requires_token" time="0.081" /><testcase classname="tests.backend_test" name="test_admin_patch_requires_token" time="0.084" /><testcase classname="tests.backend_test" name="test_admin_delete_requires_token" time="0.103" /><testcase classname="tests.backend_test" name="test_full_inquiry_admin_flow" time="1.272" /><testcase classname="tests.backend_test" name="test_admin_patch_nonexistent" time="0.089" /></testsuite></testsuites>